<?xml version="1.0" encoding="UTF-8"?>
<testng-results ignored="0" total="1" passed="1" failed="0" skipped="0">
  <reporter-output>
    <line>
      <![CDATA[Setting up reports and Test is getting ready]]>
    </line>
    <line>
      <![CDATA[Setting done -  Test can be started]]>
    </line>
    <line>
      <![CDATA[Launching the browser and getting the application ready]]>
    </line>
    <line>
      <![CDATA[Browser and Application is up and running]]>
    </line>
    <line>
      <![CDATA[Test completed >>>>>>> report generated.]]>
    </line>
  </reporter-output>
  <suite started-at="2022-03-30T22:26:38Z" name="Suite" finished-at="2022-03-30T22:26:44Z" duration-ms="5743">
    <groups>
    </groups>
    <test started-at="2022-03-30T22:26:38Z" name="Test" finished-at="2022-03-30T22:26:44Z" duration-ms="5743">
      <class name="com.freecrm.testcases.LoginTestCRM">
        <test-method is-config="true" signature="setupSuite()[pri:0, instance:com.freecrm.testcases.LoginTestCRM@1acaf3d]" started-at="2022-03-30T18:26:38Z" name="setupSuite" finished-at="2022-03-30T18:26:38Z" duration-ms="530" status="PASS">
          <reporter-output>
            <line>
              <![CDATA[Setting up reports and Test is getting ready]]>
            </line>
            <line>
              <![CDATA[Setting done -  Test can be started]]>
            </line>
          </reporter-output>
        </test-method> <!-- setupSuite -->
        <test-method is-config="true" signature="launch()[pri:0, instance:com.freecrm.testcases.LoginTestCRM@1acaf3d]" started-at="2022-03-30T18:26:38Z" name="launch" finished-at="2022-03-30T18:26:40Z" duration-ms="2248" status="PASS">
          <reporter-output>
            <line>
              <![CDATA[Launching the browser and getting the application ready]]>
            </line>
            <line>
              <![CDATA[Browser and Application is up and running]]>
            </line>
          </reporter-output>
        </test-method> <!-- launch -->
        <test-method signature="loginApp()[pri:0, instance:com.freecrm.testcases.LoginTestCRM@1acaf3d]" started-at="2022-03-30T18:26:40Z" name="loginApp" finished-at="2022-03-30T18:26:42Z" duration-ms="2160" status="PASS">
          <reporter-output>
          </reporter-output>
        </test-method> <!-- loginApp -->
        <test-method is-config="true" signature="captureScreenshot(org.testng.ITestResult)[pri:0, instance:com.freecrm.testcases.LoginTestCRM@1acaf3d]" started-at="2022-03-30T18:26:42Z" name="captureScreenshot" finished-at="2022-03-30T18:26:43Z" duration-ms="365" status="PASS">
          <params>
            <param index="0">
              <value>
                <![CDATA[[TestResult name=loginApp status=SUCCESS method=LoginTestCRM.loginApp()[pri:0, instance:com.freecrm.testcases.LoginTestCRM@1acaf3d] output={null}]]]>
              </value>
            </param>
          </params>
          <reporter-output>
            <line>
              <![CDATA[Test completed >>>>>>> report generated.]]>
            </line>
          </reporter-output>
        </test-method> <!-- captureScreenshot -->
        <test-method is-config="true" signature="teardownT()[pri:0, instance:com.freecrm.testcases.LoginTestCRM@1acaf3d]" started-at="2022-03-30T18:26:43Z" name="teardownT" finished-at="2022-03-30T18:26:44Z" duration-ms="960" status="PASS">
          <reporter-output>
          </reporter-output>
        </test-method> <!-- teardownT -->
      </class> <!-- com.freecrm.testcases.LoginTestCRM -->
    </test> <!-- Test -->
  </suite> <!-- Suite -->
</testng-results>
